[DF]2018-11-20 23:01:34,301[INFO] org.springframework.test.context.support.AbstractTestContextBootstrapper.getDefaultTestExecutionListenerClassNames(248) - Loaded default TestExecutionListener class names from location [META-INF/spring.factories]: [org.springframework.test.context.web.ServletTestExecutionListener, org.springframework.test.context.support.DirtiesContextBeforeModesTestExecutionListener, org.springframework.test.context.support.DependencyInjectionTestExecutionListener, org.springframework.test.context.support.DirtiesContextTestExecutionListener, org.springframework.test.context.transaction.TransactionalTestExecutionListener, org.springframework.test.context.jdbc.SqlScriptsTestExecutionListener];
[DF]2018-11-20 23:01:34,359[INFO] org.springframework.test.context.support.AbstractTestContextBootstrapper.getTestExecutionListeners(177) - Using TestExecutionListeners: [org.springframework.test.context.web.ServletTestExecutionListener@4d41cee, org.springframework.test.context.support.DirtiesContextBeforeModesTestExecutionListener@3712b94, org.springframework.test.context.support.DependencyInjectionTestExecutionListener@2833cc44, org.springframework.test.context.support.DirtiesContextTestExecutionListener@33f88ab, org.springframework.test.context.transaction.TransactionalTestExecutionListener@27a8c74e, org.springframework.test.context.jdbc.SqlScriptsTestExecutionListener@2d8f65a4];
[DF]2018-11-20 23:01:34,465[INFO] org.springframework.beans.factory.xml.XmlBeanDefinitionReader.loadBeanDefinitions(316) - Loading XML bean definitions from class path resource [dispatcherServlet.xml];
[DF]2018-11-20 23:01:34,828[INFO] org.springframework.beans.factory.xml.XmlBeanDefinitionReader.loadBeanDefinitions(316) - Loading XML bean definitions from class path resource [applicationContext.xml];
[DF]2018-11-20 23:01:34,851[INFO] org.springframework.context.support.AbstractApplicationContext.prepareRefresh(590) - Refreshing org.springframework.context.support.GenericApplicationContext@670b40af: startup date [Tue Nov 20 23:01:34 CST 2018]; root of context hierarchy;
[DF]2018-11-20 23:01:35,282[INFO] org.springframework.web.servlet.handler.AbstractHandlerMethodMapping$MappingRegistry.register(547) - Mapped "{[/]}" onto public org.springframework.web.servlet.ModelAndView com.admin.controller.AdminController._default();
[DF]2018-11-20 23:01:35,283[INFO] org.springframework.web.servlet.handler.AbstractHandlerMethodMapping$MappingRegistry.register(547) - Mapped "{[/welcome]}" onto public org.springframework.web.servlet.ModelAndView com.admin.controller.AdminController.welcome();
[DF]2018-11-20 23:01:35,284[INFO] org.springframework.web.servlet.handler.AbstractHandlerMethodMapping$MappingRegistry.register(547) - Mapped "{[/member-list]}" onto public org.springframework.web.servlet.ModelAndView com.admin.controller.AdminController.memberList();
[DF]2018-11-20 23:01:35,290[INFO] org.springframework.web.servlet.handler.AbstractHandlerMethodMapping$MappingRegistry.register(547) - Mapped "{[/admission/add],methods=[POST]}" onto public java.lang.String com.admin.controller.AdmissionController.add(com.webmagic.model.Admission);
[DF]2018-11-20 23:01:35,291[INFO] org.springframework.web.servlet.handler.AbstractHandlerMethodMapping$MappingRegistry.register(547) - Mapped "{[/admission/list]}" onto public java.util.Map<java.lang.String, java.lang.Object> com.admin.controller.AdmissionController.list();
[DF]2018-11-20 23:01:35,291[INFO] org.springframework.web.servlet.handler.AbstractHandlerMethodMapping$MappingRegistry.register(547) - Mapped "{[/admission/page]}" onto public org.springframework.web.servlet.ModelAndView com.admin.controller.AdmissionController.page();
[DF]2018-11-20 23:01:35,292[INFO] org.springframework.web.servlet.handler.AbstractHandlerMethodMapping$MappingRegistry.register(547) - Mapped "{[/admission/addPage]}" onto public org.springframework.web.servlet.ModelAndView com.admin.controller.AdmissionController.addPage();
[DF]2018-11-20 23:01:35,292[INFO] org.springframework.web.servlet.handler.AbstractHandlerMethodMapping$MappingRegistry.register(547) - Mapped "{[/admission/editPage]}" onto public org.springframework.web.servlet.ModelAndView com.admin.controller.AdmissionController.editPage(java.lang.String);
[DF]2018-11-20 23:01:35,293[INFO] org.springframework.web.servlet.handler.AbstractHandlerMethodMapping$MappingRegistry.register(547) - Mapped "{[/admission/edit]}" onto public java.lang.String com.admin.controller.AdmissionController.edit(com.webmagic.model.Admission);
[DF]2018-11-20 23:01:35,293[INFO] org.springframework.web.servlet.handler.AbstractHandlerMethodMapping$MappingRegistry.register(547) - Mapped "{[/admission/del]}" onto public java.lang.String com.admin.controller.AdmissionController.delInfo(java.lang.String);
[DF]2018-11-20 23:01:35,294[INFO] org.springframework.web.servlet.handler.AbstractHandlerMethodMapping$MappingRegistry.register(547) - Mapped "{[/admission/introduce/edit]}" onto public java.lang.String com.admin.controller.AdmissionController.editIntroduce(com.webmagic.model.PageIntroduce);
[DF]2018-11-20 23:01:35,299[INFO] org.springframework.web.servlet.handler.AbstractHandlerMethodMapping$MappingRegistry.register(547) - Mapped "{[/courseteach/add],methods=[POST]}" onto public java.lang.String com.admin.controller.CourseTeachController.add(com.webmagic.model.CourseTeach);
[DF]2018-11-20 23:01:35,300[INFO] org.springframework.web.servlet.handler.AbstractHandlerMethodMapping$MappingRegistry.register(547) - Mapped "{[/courseteach/list]}" onto public java.util.Map<java.lang.String, java.lang.Object> com.admin.controller.CourseTeachController.list();
[DF]2018-11-20 23:01:35,300[INFO] org.springframework.web.servlet.handler.AbstractHandlerMethodMapping$MappingRegistry.register(547) - Mapped "{[/courseteach/page]}" onto public org.springframework.web.servlet.ModelAndView com.admin.controller.CourseTeachController.page();
[DF]2018-11-20 23:01:35,301[INFO] org.springframework.web.servlet.handler.AbstractHandlerMethodMapping$MappingRegistry.register(547) - Mapped "{[/courseteach/addPage]}" onto public org.springframework.web.servlet.ModelAndView com.admin.controller.CourseTeachController.addPage();
[DF]2018-11-20 23:01:35,301[INFO] org.springframework.web.servlet.handler.AbstractHandlerMethodMapping$MappingRegistry.register(547) - Mapped "{[/courseteach/editPage]}" onto public org.springframework.web.servlet.ModelAndView com.admin.controller.CourseTeachController.editPage(java.lang.String);
[DF]2018-11-20 23:01:35,301[INFO] org.springframework.web.servlet.handler.AbstractHandlerMethodMapping$MappingRegistry.register(547) - Mapped "{[/courseteach/edit]}" onto public java.lang.String com.admin.controller.CourseTeachController.edit(com.webmagic.model.CourseTeach);
[DF]2018-11-20 23:01:35,302[INFO] org.springframework.web.servlet.handler.AbstractHandlerMethodMapping$MappingRegistry.register(547) - Mapped "{[/courseteach/del]}" onto public java.lang.String com.admin.controller.CourseTeachController.delInfo(java.lang.String);
[DF]2018-11-20 23:01:35,302[INFO] org.springframework.web.servlet.handler.AbstractHandlerMethodMapping$MappingRegistry.register(547) - Mapped "{[/courseteach/introduce/edit]}" onto public java.lang.String com.admin.controller.CourseTeachController.editIntroduce(com.webmagic.model.PageIntroduce);
[DF]2018-11-20 23:01:35,306[INFO] org.springframework.web.servlet.handler.AbstractHandlerMethodMapping$MappingRegistry.register(547) - Mapped "{[/datacode/code/add],methods=[POST]}" onto public java.lang.String com.admin.controller.DCCodeController.add(com.webmagic.model.DataAndCode);
[DF]2018-11-20 23:01:35,307[INFO] org.springframework.web.servlet.handler.AbstractHandlerMethodMapping$MappingRegistry.register(547) - Mapped "{[/datacode/code/list]}" onto public java.util.Map<java.lang.String, java.lang.Object> com.admin.controller.DCCodeController.list();
[DF]2018-11-20 23:01:35,307[INFO] org.springframework.web.servlet.handler.AbstractHandlerMethodMapping$MappingRegistry.register(547) - Mapped "{[/datacode/code/page]}" onto public org.springframework.web.servlet.ModelAndView com.admin.controller.DCCodeController.page();
[DF]2018-11-20 23:01:35,308[INFO] org.springframework.web.servlet.handler.AbstractHandlerMethodMapping$MappingRegistry.register(547) - Mapped "{[/datacode/code/addPage]}" onto public org.springframework.web.servlet.ModelAndView com.admin.controller.DCCodeController.addPage();
[DF]2018-11-20 23:01:35,308[INFO] org.springframework.web.servlet.handler.AbstractHandlerMethodMapping$MappingRegistry.register(547) - Mapped "{[/datacode/code/editPage]}" onto public org.springframework.web.servlet.ModelAndView com.admin.controller.DCCodeController.editPage(java.lang.String);
[DF]2018-11-20 23:01:35,309[INFO] org.springframework.web.servlet.handler.AbstractHandlerMethodMapping$MappingRegistry.register(547) - Mapped "{[/datacode/code/edit]}" onto public java.lang.String com.admin.controller.DCCodeController.edit(com.webmagic.model.DataAndCode);
[DF]2018-11-20 23:01:35,309[INFO] org.springframework.web.servlet.handler.AbstractHandlerMethodMapping$MappingRegistry.register(547) - Mapped "{[/datacode/code/del]}" onto public java.lang.String com.admin.controller.DCCodeController.delInfo(java.lang.String);
[DF]2018-11-20 23:01:35,310[INFO] org.springframework.web.servlet.handler.AbstractHandlerMethodMapping$MappingRegistry.register(547) - Mapped "{[/datacode/code/introduce/edit]}" onto public java.lang.String com.admin.controller.DCCodeController.editIntroduce(com.webmagic.model.PageIntroduce);
[DF]2018-11-20 23:01:35,312[INFO] org.springframework.web.servlet.handler.AbstractHandlerMethodMapping$MappingRegistry.register(547) - Mapped "{[/datacode/data/add],methods=[POST]}" onto public java.lang.String com.admin.controller.DCDataController.add(com.webmagic.model.DataAndCode);
[DF]2018-11-20 23:01:35,313[INFO] org.springframework.web.servlet.handler.AbstractHandlerMethodMapping$MappingRegistry.register(547) - Mapped "{[/datacode/data/list]}" onto public java.util.Map<java.lang.String, java.lang.Object> com.admin.controller.DCDataController.list();
[DF]2018-11-20 23:01:35,313[INFO] org.springframework.web.servlet.handler.AbstractHandlerMethodMapping$MappingRegistry.register(547) - Mapped "{[/datacode/data/page]}" onto public org.springframework.web.servlet.ModelAndView com.admin.controller.DCDataController.page();
[DF]2018-11-20 23:01:35,314[INFO] org.springframework.web.servlet.handler.AbstractHandlerMethodMapping$MappingRegistry.register(547) - Mapped "{[/datacode/data/addPage]}" onto public org.springframework.web.servlet.ModelAndView com.admin.controller.DCDataController.addPage();
[DF]2018-11-20 23:01:35,314[INFO] org.springframework.web.servlet.handler.AbstractHandlerMethodMapping$MappingRegistry.register(547) - Mapped "{[/datacode/data/editPage]}" onto public org.springframework.web.servlet.ModelAndView com.admin.controller.DCDataController.editPage(java.lang.String);
[DF]2018-11-20 23:01:35,314[INFO] org.springframework.web.servlet.handler.AbstractHandlerMethodMapping$MappingRegistry.register(547) - Mapped "{[/datacode/data/edit]}" onto public java.lang.String com.admin.controller.DCDataController.edit(com.webmagic.model.DataAndCode);
[DF]2018-11-20 23:01:35,315[INFO] org.springframework.web.servlet.handler.AbstractHandlerMethodMapping$MappingRegistry.register(547) - Mapped "{[/datacode/data/del]}" onto public java.lang.String com.admin.controller.DCDataController.delInfo(java.lang.String);
[DF]2018-11-20 23:01:35,318[INFO] org.springframework.web.servlet.handler.AbstractHandlerMethodMapping$MappingRegistry.register(547) - Mapped "{[/enterprise/add],methods=[POST]}" onto public org.springframework.web.servlet.ModelAndView com.admin.controller.EnterpriseController.add(org.springframework.web.multipart.MultipartFile,com.webmagic.model.Enterprise);
[DF]2018-11-20 23:01:35,318[INFO] org.springframework.web.servlet.handler.AbstractHandlerMethodMapping$MappingRegistry.register(547) - Mapped "{[/enterprise/list]}" onto public java.util.Map<java.lang.String, java.lang.Object> com.admin.controller.EnterpriseController.list();
[DF]2018-11-20 23:01:35,319[INFO] org.springframework.web.servlet.handler.AbstractHandlerMethodMapping$MappingRegistry.register(547) - Mapped "{[/enterprise/page]}" onto public org.springframework.web.servlet.ModelAndView com.admin.controller.EnterpriseController.page();
[DF]2018-11-20 23:01:35,319[INFO] org.springframework.web.servlet.handler.AbstractHandlerMethodMapping$MappingRegistry.register(547) - Mapped "{[/enterprise/addPage]}" onto public org.springframework.web.servlet.ModelAndView com.admin.controller.EnterpriseController.addPage();
[DF]2018-11-20 23:01:35,319[INFO] org.springframework.web.servlet.handler.AbstractHandlerMethodMapping$MappingRegistry.register(547) - Mapped "{[/enterprise/editPage]}" onto public org.springframework.web.servlet.ModelAndView com.admin.controller.EnterpriseController.editPage(java.lang.String);
[DF]2018-11-20 23:01:35,320[INFO] org.springframework.web.servlet.handler.AbstractHandlerMethodMapping$MappingRegistry.register(547) - Mapped "{[/enterprise/edit],methods=[POST]}" onto public org.springframework.web.servlet.ModelAndView com.admin.controller.EnterpriseController.edit(org.springframework.web.multipart.MultipartFile,com.webmagic.model.Enterprise);
[DF]2018-11-20 23:01:35,322[INFO] org.springframework.web.servlet.handler.AbstractHandlerMethodMapping$MappingRegistry.register(547) - Mapped "{[/enterprise/del]}" onto public java.lang.String com.admin.controller.EnterpriseController.delInfo(java.lang.String);
[DF]2018-11-20 23:01:35,323[INFO] org.springframework.web.servlet.handler.AbstractHandlerMethodMapping$MappingRegistry.register(547) - Mapped "{[/enterprise/introduce/edit]}" onto public java.lang.String com.admin.controller.EnterpriseController.editIntroduce(com.webmagic.model.PageIntroduce);
[DF]2018-11-20 23:01:35,326[INFO] org.springframework.web.servlet.handler.AbstractHandlerMethodMapping$MappingRegistry.register(547) - Mapped "{[/homepage/institute/info/list]}" onto public java.util.Map<java.lang.String, java.lang.Object> com.admin.controller.HomepageController.infoList(com.webmagic.model.InstituteInformation,int,int) throws java.lang.reflect.InvocationTargetException,java.lang.IllegalAccessException;
[DF]2018-11-20 23:01:35,327[INFO] org.springframework.web.servlet.handler.AbstractHandlerMethodMapping$MappingRegistry.register(547) - Mapped "{[/homepage/institute/info/del]}" onto public java.lang.String com.admin.controller.HomepageController.delInfo(java.lang.String);
[DF]2018-11-20 23:01:35,327[INFO] org.springframework.web.servlet.handler.AbstractHandlerMethodMapping$MappingRegistry.register(547) - Mapped "{[/homepage/institute/introduce]}" onto public org.springframework.web.servlet.ModelAndView com.admin.controller.HomepageController.introduce();
[DF]2018-11-20 23:01:35,328[INFO] org.springframework.web.servlet.handler.AbstractHandlerMethodMapping$MappingRegistry.register(547) - Mapped "{[/homepage/swiper]}" onto public org.springframework.web.servlet.ModelAndView com.admin.controller.HomepageController.swiper(org.springframework.web.servlet.ModelAndView);
[DF]2018-11-20 23:01:35,328[INFO] org.springframework.web.servlet.handler.AbstractHandlerMethodMapping$MappingRegistry.register(547) - Mapped "{[/homepage/swiper/update],methods=[POST]}" onto public com.admin.vo.ResultMap com.admin.controller.HomepageController.swiperConfig(org.springframework.web.multipart.MultipartFile,javax.servlet.http.HttpServletRequest,javax.servlet.http.HttpServletResponse);
[DF]2018-11-20 23:01:35,328[INFO] org.springframework.web.servlet.handler.AbstractHandlerMethodMapping$MappingRegistry.register(547) - Mapped "{[/homepage/swiper/del]}" onto public java.lang.String com.admin.controller.HomepageController.delSwiper(java.lang.Integer);
[DF]2018-11-20 23:01:35,329[INFO] org.springframework.web.servlet.handler.AbstractHandlerMethodMapping$MappingRegistry.register(547) - Mapped "{[/homepage/institute/information]}" onto public org.springframework.web.servlet.ModelAndView com.admin.controller.HomepageController.information();
[DF]2018-11-20 23:01:35,329[INFO] org.springframework.web.servlet.handler.AbstractHandlerMethodMapping$MappingRegistry.register(547) - Mapped "{[/homepage/institute/addInfoPage]}" onto public org.springframework.web.servlet.ModelAndView com.admin.controller.HomepageController.addInfoPage();
[DF]2018-11-20 23:01:35,329[INFO] org.springframework.web.servlet.handler.AbstractHandlerMethodMapping$MappingRegistry.register(547) - Mapped "{[/homepage/institute/info/add],methods=[POST]}" onto public org.springframework.web.servlet.ModelAndView com.admin.controller.HomepageController.addInfo(org.springframework.web.multipart.MultipartFile,com.webmagic.model.InstituteInformation);
[DF]2018-11-20 23:01:35,330[INFO] org.springframework.web.servlet.handler.AbstractHandlerMethodMapping$MappingRegistry.register(547) - Mapped "{[/homepage/institute/editInfoPage]}" onto public org.springframework.web.servlet.ModelAndView com.admin.controller.HomepageController.editInfoPage(java.lang.String);
[DF]2018-11-20 23:01:35,330[INFO] org.springframework.web.servlet.handler.AbstractHandlerMethodMapping$MappingRegistry.register(547) - Mapped "{[/homepage/institute/info/edit],methods=[POST]}" onto public org.springframework.web.servlet.ModelAndView com.admin.controller.HomepageController.editInfo(org.springframework.web.multipart.MultipartFile,com.webmagic.model.InstituteInformation);
[DF]2018-11-20 23:01:35,331[INFO] org.springframework.web.servlet.handler.AbstractHandlerMethodMapping$MappingRegistry.register(547) - Mapped "{[/institute/update]}" onto public java.util.Map<java.lang.String, java.lang.String> com.admin.controller.InstituteController.update(java.lang.String);
[DF]2018-11-20 23:01:35,332[INFO] org.springframework.web.servlet.handler.AbstractHandlerMethodMapping$MappingRegistry.register(547) - Mapped "{[/loboratory/page]}" onto public org.springframework.web.servlet.ModelAndView com.admin.controller.LoboratoryController.page(org.springframework.web.servlet.ModelAndView);
[DF]2018-11-20 23:01:35,332[INFO] org.springframework.web.servlet.handler.AbstractHandlerMethodMapping$MappingRegistry.register(547) - Mapped "{[/login]}" onto public org.springframework.web.servlet.ModelAndView com.admin.controller.LoginController.login(javax.servlet.http.HttpServletRequest);
[DF]2018-11-20 23:01:35,335[INFO] org.springframework.web.servlet.handler.AbstractHandlerMethodMapping$MappingRegistry.register(547) - Mapped "{[/member/add],methods=[POST]}" onto public org.springframework.web.servlet.ModelAndView com.admin.controller.MemberController.add(org.springframework.web.multipart.MultipartFile,com.webmagic.model.Member,javax.servlet.http.HttpServletRequest);
[DF]2018-11-20 23:01:35,335[INFO] org.springframework.web.servlet.handler.AbstractHandlerMethodMapping$MappingRegistry.register(547) - Mapped "{[/member/list]}" onto public org.springframework.web.servlet.ModelAndView com.admin.controller.MemberController.list();
[DF]2018-11-20 23:01:35,335[INFO] org.springframework.web.servlet.handler.AbstractHandlerMethodMapping$MappingRegistry.register(547) - Mapped "{[/member/addPage]}" onto public org.springframework.web.servlet.ModelAndView com.admin.controller.MemberController.addPage();
[DF]2018-11-20 23:01:35,336[INFO] org.springframework.web.servlet.handler.AbstractHandlerMethodMapping$MappingRegistry.register(547) - Mapped "{[/member/editPage]}" onto public org.springframework.web.servlet.ModelAndView com.admin.controller.MemberController.editPage(java.lang.String);
[DF]2018-11-20 23:01:35,336[INFO] org.springframework.web.servlet.handler.AbstractHandlerMethodMapping$MappingRegistry.register(547) - Mapped "{[/member/edit],methods=[POST]}" onto public org.springframework.web.servlet.ModelAndView com.admin.controller.MemberController.edit(org.springframework.web.multipart.MultipartFile,com.webmagic.model.Member,javax.servlet.http.HttpServletRequest);
[DF]2018-11-20 23:01:35,337[INFO] org.springframework.web.servlet.handler.AbstractHandlerMethodMapping$MappingRegistry.register(547) - Mapped "{[/member/del],methods=[GET]}" onto public java.lang.String com.admin.controller.MemberController.del(java.lang.String);
[DF]2018-11-20 23:01:35,339[INFO] org.springframework.web.servlet.handler.AbstractHandlerMethodMapping$MappingRegistry.register(547) - Mapped "{[/notice/add]}" onto public java.lang.String com.admin.controller.NoticeController.add(com.webmagic.model.Notice);
[DF]2018-11-20 23:01:35,339[INFO] org.springframework.web.servlet.handler.AbstractHandlerMethodMapping$MappingRegistry.register(547) - Mapped "{[/notice/list]}" onto public java.util.Map<java.lang.String, java.lang.Object> com.admin.controller.NoticeController.list();
[DF]2018-11-20 23:01:35,340[INFO] org.springframework.web.servlet.handler.AbstractHandlerMethodMapping$MappingRegistry.register(547) - Mapped "{[/notice/page]}" onto public org.springframework.web.servlet.ModelAndView com.admin.controller.NoticeController.page();
[DF]2018-11-20 23:01:35,340[INFO] org.springframework.web.servlet.handler.AbstractHandlerMethodMapping$MappingRegistry.register(547) - Mapped "{[/notice/addPage]}" onto public org.springframework.web.servlet.ModelAndView com.admin.controller.NoticeController.addPage();
[DF]2018-11-20 23:01:35,341[INFO] org.springframework.web.servlet.handler.AbstractHandlerMethodMapping$MappingRegistry.register(547) - Mapped "{[/notice/editPage]}" onto public org.springframework.web.servlet.ModelAndView com.admin.controller.NoticeController.editPage(java.lang.String);
[DF]2018-11-20 23:01:35,341[INFO] org.springframework.web.servlet.handler.AbstractHandlerMethodMapping$MappingRegistry.register(547) - Mapped "{[/notice/edit]}" onto public java.lang.String com.admin.controller.NoticeController.edit(com.webmagic.model.Notice);
[DF]2018-11-20 23:01:35,342[INFO] org.springframework.web.servlet.handler.AbstractHandlerMethodMapping$MappingRegistry.register(547) - Mapped "{[/notice/del]}" onto public java.lang.String com.admin.controller.NoticeController.delInfo(java.lang.String);
[DF]2018-11-20 23:01:35,344[INFO] org.springframework.web.servlet.handler.AbstractHandlerMethodMapping$MappingRegistry.register(547) - Mapped "{[/rdirection/add]}" onto public java.lang.String com.admin.controller.ResearchDirectionController.add(com.webmagic.model.ResearchDirection);
[DF]2018-11-20 23:01:35,344[INFO] org.springframework.web.servlet.handler.AbstractHandlerMethodMapping$MappingRegistry.register(547) - Mapped "{[/rdirection/list]}" onto public java.util.Map<java.lang.String, java.lang.Object> com.admin.controller.ResearchDirectionController.list();
[DF]2018-11-20 23:01:35,345[INFO] org.springframework.web.servlet.handler.AbstractHandlerMethodMapping$MappingRegistry.register(547) - Mapped "{[/rdirection/page]}" onto public org.springframework.web.servlet.ModelAndView com.admin.controller.ResearchDirectionController.page();
[DF]2018-11-20 23:01:35,345[INFO] org.springframework.web.servlet.handler.AbstractHandlerMethodMapping$MappingRegistry.register(547) - Mapped "{[/rdirection/addPage]}" onto public org.springframework.web.servlet.ModelAndView com.admin.controller.ResearchDirectionController.addPage();
[DF]2018-11-20 23:01:35,345[INFO] org.springframework.web.servlet.handler.AbstractHandlerMethodMapping$MappingRegistry.register(547) - Mapped "{[/rdirection/editPage]}" onto public org.springframework.web.servlet.ModelAndView com.admin.controller.ResearchDirectionController.editPage(java.lang.String);
[DF]2018-11-20 23:01:35,346[INFO] org.springframework.web.servlet.handler.AbstractHandlerMethodMapping$MappingRegistry.register(547) - Mapped "{[/rdirection/edit]}" onto public java.lang.String com.admin.controller.ResearchDirectionController.edit(com.webmagic.model.ResearchDirection);
[DF]2018-11-20 23:01:35,346[INFO] org.springframework.web.servlet.handler.AbstractHandlerMethodMapping$MappingRegistry.register(547) - Mapped "{[/rdirection/del]}" onto public java.lang.String com.admin.controller.ResearchDirectionController.delInfo(java.lang.String);
[DF]2018-11-20 23:01:35,346[INFO] org.springframework.web.servlet.handler.AbstractHandlerMethodMapping$MappingRegistry.register(547) - Mapped "{[/rdirection/introduce/edit]}" onto public java.lang.String com.admin.controller.ResearchDirectionController.editIntroduce(com.webmagic.model.PageIntroduce);
[DF]2018-11-20 23:01:35,351[INFO] org.springframework.web.servlet.handler.AbstractHandlerMethodMapping$MappingRegistry.register(547) - Mapped "{[/srproject/add],methods=[POST]}" onto public java.lang.String com.admin.controller.ScientificResearchProjectController.add(com.admin.vo.ScientificResearchProjectVO);
[DF]2018-11-20 23:01:35,351[INFO] org.springframework.web.servlet.handler.AbstractHandlerMethodMapping$MappingRegistry.register(547) - Mapped "{[/srproject/list]}" onto public java.util.Map<java.lang.String, java.lang.Object> com.admin.controller.ScientificResearchProjectController.list();
[DF]2018-11-20 23:01:35,352[INFO] org.springframework.web.servlet.handler.AbstractHandlerMethodMapping$MappingRegistry.register(547) - Mapped "{[/srproject/page]}" onto public org.springframework.web.servlet.ModelAndView com.admin.controller.ScientificResearchProjectController.page();
[DF]2018-11-20 23:01:35,352[INFO] org.springframework.web.servlet.handler.AbstractHandlerMethodMapping$MappingRegistry.register(547) - Mapped "{[/srproject/addPage]}" onto public org.springframework.web.servlet.ModelAndView com.admin.controller.ScientificResearchProjectController.addPage();
[DF]2018-11-20 23:01:35,352[INFO] org.springframework.web.servlet.handler.AbstractHandlerMethodMapping$MappingRegistry.register(547) - Mapped "{[/srproject/editPage]}" onto public org.springframework.web.servlet.ModelAndView com.admin.controller.ScientificResearchProjectController.editPage(java.lang.String);
[DF]2018-11-20 23:01:35,353[INFO] org.springframework.web.servlet.handler.AbstractHandlerMethodMapping$MappingRegistry.register(547) - Mapped "{[/srproject/edit]}" onto public java.lang.String com.admin.controller.ScientificResearchProjectController.edit(com.admin.vo.ScientificResearchProjectVO);
[DF]2018-11-20 23:01:35,353[INFO] org.springframework.web.servlet.handler.AbstractHandlerMethodMapping$MappingRegistry.register(547) - Mapped "{[/srproject/del]}" onto public java.lang.String com.admin.controller.ScientificResearchProjectController.delInfo(java.lang.String);
[DF]2018-11-20 23:01:35,353[INFO] org.springframework.web.servlet.handler.AbstractHandlerMethodMapping$MappingRegistry.register(547) - Mapped "{[/srproject/introduce/edit]}" onto public java.lang.String com.admin.controller.ScientificResearchProjectController.editIntroduce(com.webmagic.model.PageIntroduce);
[DF]2018-11-20 23:01:35,354[INFO] org.springframework.web.servlet.handler.AbstractHandlerMethodMapping$MappingRegistry.register(547) - Mapped "{[/sysconfig/page]}" onto public org.springframework.web.servlet.ModelAndView com.admin.controller.SysConfigController.page(org.springframework.web.servlet.ModelAndView);
[DF]2018-11-20 23:01:35,359[INFO] org.springframework.web.servlet.handler.AbstractHandlerMethodMapping$MappingRegistry.register(547) - Mapped "{[/thesis/add],methods=[POST]}" onto public java.lang.String com.admin.controller.ThesisController.add(com.webmagic.model.Thesis);
[DF]2018-11-20 23:01:35,359[INFO] org.springframework.web.servlet.handler.AbstractHandlerMethodMapping$MappingRegistry.register(547) - Mapped "{[/thesis/list]}" onto public java.util.Map<java.lang.String, java.lang.Object> com.admin.controller.ThesisController.list(com.webmagic.model.Thesis);
[DF]2018-11-20 23:01:35,360[INFO] org.springframework.web.servlet.handler.AbstractHandlerMethodMapping$MappingRegistry.register(547) - Mapped "{[/thesis/page]}" onto public org.springframework.web.servlet.ModelAndView com.admin.controller.ThesisController.page();
[DF]2018-11-20 23:01:35,360[INFO] org.springframework.web.servlet.handler.AbstractHandlerMethodMapping$MappingRegistry.register(547) - Mapped "{[/thesis/addPage]}" onto public org.springframework.web.servlet.ModelAndView com.admin.controller.ThesisController.addPage();
[DF]2018-11-20 23:01:35,361[INFO] org.springframework.web.servlet.handler.AbstractHandlerMethodMapping$MappingRegistry.register(547) - Mapped "{[/thesis/editPage]}" onto public org.springframework.web.servlet.ModelAndView com.admin.controller.ThesisController.editPage(java.lang.String);
[DF]2018-11-20 23:01:35,361[INFO] org.springframework.web.servlet.handler.AbstractHandlerMethodMapping$MappingRegistry.register(547) - Mapped "{[/thesis/edit]}" onto public java.lang.String com.admin.controller.ThesisController.edit(com.webmagic.model.Thesis);
[DF]2018-11-20 23:01:35,362[INFO] org.springframework.web.servlet.handler.AbstractHandlerMethodMapping$MappingRegistry.register(547) - Mapped "{[/thesis/del]}" onto public java.lang.String com.admin.controller.ThesisController.delInfo(java.lang.String);
[DF]2018-11-20 23:01:35,362[INFO] org.springframework.web.servlet.handler.AbstractHandlerMethodMapping$MappingRegistry.register(547) - Mapped "{[/thesis/introduce/edit]}" onto public java.lang.String com.admin.controller.ThesisController.editIntroduce(com.webmagic.model.PageIntroduce);
[DF]2018-11-20 23:01:35,363[INFO] org.springframework.web.servlet.handler.AbstractHandlerMethodMapping$MappingRegistry.register(547) - Mapped "{[/thesis/uploads],methods=[POST]}" onto public com.admin.vo.ResultMap com.admin.controller.ThesisController.uploads(org.springframework.web.multipart.MultipartFile[],java.lang.String,javax.servlet.http.HttpServletRequest);
[DF]2018-11-20 23:01:35,363[INFO] org.springframework.web.servlet.handler.AbstractHandlerMethodMapping$MappingRegistry.register(547) - Mapped "{[/thesis/attachmentPage]}" onto public org.springframework.web.servlet.ModelAndView com.admin.controller.ThesisController.attachmentPage(java.lang.String);
[DF]2018-11-20 23:01:35,364[INFO] org.springframework.web.servlet.handler.AbstractHandlerMethodMapping$MappingRegistry.register(547) - Mapped "{[/thesis/delAttachment]}" onto public java.lang.String com.admin.controller.ThesisController.delAttachment(java.lang.String);
[DF]2018-11-20 23:01:35,365[INFO] org.springframework.web.servlet.handler.AbstractHandlerMethodMapping$MappingRegistry.register(547) - Mapped "{[/timeline/page]}" onto public org.springframework.web.servlet.ModelAndView com.admin.controller.TimelineController.page();
[DF]2018-11-20 23:01:35,367[INFO] org.springframework.web.servlet.handler.AbstractHandlerMethodMapping$MappingRegistry.register(547) - Mapped "{[/wconfig/add]}" onto public org.springframework.web.servlet.ModelAndView com.admin.controller.WebsiteConfigController.add(com.webmagic.model.WebsiteConfig);
[DF]2018-11-20 23:01:35,367[INFO] org.springframework.web.servlet.handler.AbstractHandlerMethodMapping$MappingRegistry.register(547) - Mapped "{[/wconfig/update]}" onto public java.lang.String com.admin.controller.WebsiteConfigController.update(com.webmagic.model.WebsiteConfig);
[DF]2018-11-20 23:01:35,367[INFO] org.springframework.web.servlet.handler.AbstractHandlerMethodMapping$MappingRegistry.register(547) - Mapped "{[/wconfig/page]}" onto public org.springframework.web.servlet.ModelAndView com.admin.controller.WebsiteConfigController.config();
[DF]2018-11-20 23:01:35,545[INFO] org.springframework.web.servlet.mvc.method.annotation.RequestMappingHandlerAdapter.initControllerAdviceCache(574) - Looking for @ControllerAdvice: org.springframework.context.support.GenericApplicationContext@670b40af: startup date [Tue Nov 20 23:01:34 CST 2018]; root of context hierarchy;
[DF]2018-11-20 23:01:35,623[INFO] org.springframework.web.servlet.mvc.method.annotation.RequestMappingHandlerAdapter.initControllerAdviceCache(574) - Looking for @ControllerAdvice: org.springframework.context.support.GenericApplicationContext@670b40af: startup date [Tue Nov 20 23:01:34 CST 2018]; root of context hierarchy;
[DF]2018-11-20 23:01:36,162[INFO] org.springframework.web.servlet.handler.AbstractUrlHandlerMapping.registerHandler(373) - Mapped URL path [/**] onto handler 'org.springframework.web.servlet.resource.DefaultServletHttpRequestHandler#0';
[DF]2018-11-20 23:01:36,230[INFO] org.springframework.context.support.AbstractApplicationContext.doClose(993) - Closing org.springframework.context.support.GenericApplicationContext@670b40af: startup date [Tue Nov 20 23:01:34 CST 2018]; root of context hierarchy;
[DF]2018-11-20 23:02:12,744[INFO] org.springframework.test.context.support.AbstractTestContextBootstrapper.getDefaultTestExecutionListenerClassNames(248) - Loaded default TestExecutionListener class names from location [META-INF/spring.factories]: [org.springframework.test.context.web.ServletTestExecutionListener, org.springframework.test.context.support.DirtiesContextBeforeModesTestExecutionListener, org.springframework.test.context.support.DependencyInjectionTestExecutionListener, org.springframework.test.context.support.DirtiesContextTestExecutionListener, org.springframework.test.context.transaction.TransactionalTestExecutionListener, org.springframework.test.context.jdbc.SqlScriptsTestExecutionListener];
[DF]2018-11-20 23:02:12,764[INFO] org.springframework.test.context.support.AbstractTestContextBootstrapper.getTestExecutionListeners(177) - Using TestExecutionListeners: [org.springframework.test.context.web.ServletTestExecutionListener@4d41cee, org.springframework.test.context.support.DirtiesContextBeforeModesTestExecutionListener@3712b94, org.springframework.test.context.support.DependencyInjectionTestExecutionListener@2833cc44, org.springframework.test.context.support.DirtiesContextTestExecutionListener@33f88ab, org.springframework.test.context.transaction.TransactionalTestExecutionListener@27a8c74e, org.springframework.test.context.jdbc.SqlScriptsTestExecutionListener@2d8f65a4];
[DF]2018-11-20 23:02:12,828[INFO] org.springframework.beans.factory.xml.XmlBeanDefinitionReader.loadBeanDefinitions(316) - Loading XML bean definitions from class path resource [dispatcherServlet.xml];
[DF]2018-11-20 23:02:13,166[INFO] org.springframework.beans.factory.xml.XmlBeanDefinitionReader.loadBeanDefinitions(316) - Loading XML bean definitions from class path resource [applicationContext.xml];
[DF]2018-11-20 23:02:13,194[INFO] org.springframework.context.support.AbstractApplicationContext.prepareRefresh(590) - Refreshing org.springframework.context.support.GenericApplicationContext@670b40af: startup date [Tue Nov 20 23:02:13 CST 2018]; root of context hierarchy;
[DF]2018-11-20 23:02:13,547[INFO] org.springframework.web.servlet.handler.AbstractHandlerMethodMapping$MappingRegistry.register(547) - Mapped "{[/]}" onto public org.springframework.web.servlet.ModelAndView com.admin.controller.AdminController._default();
[DF]2018-11-20 23:02:13,548[INFO] org.springframework.web.servlet.handler.AbstractHandlerMethodMapping$MappingRegistry.register(547) - Mapped "{[/welcome]}" onto public org.springframework.web.servlet.ModelAndView com.admin.controller.AdminController.welcome();
[DF]2018-11-20 23:02:13,548[INFO] org.springframework.web.servlet.handler.AbstractHandlerMethodMapping$MappingRegistry.register(547) - Mapped "{[/member-list]}" onto public org.springframework.web.servlet.ModelAndView com.admin.controller.AdminController.memberList();
[DF]2018-11-20 23:02:13,555[INFO] org.springframework.web.servlet.handler.AbstractHandlerMethodMapping$MappingRegistry.register(547) - Mapped "{[/admission/add],methods=[POST]}" onto public java.lang.String com.admin.controller.AdmissionController.add(com.webmagic.model.Admission);
[DF]2018-11-20 23:02:13,556[INFO] org.springframework.web.servlet.handler.AbstractHandlerMethodMapping$MappingRegistry.register(547) - Mapped "{[/admission/list]}" onto public java.util.Map<java.lang.String, java.lang.Object> com.admin.controller.AdmissionController.list();
[DF]2018-11-20 23:02:13,556[INFO] org.springframework.web.servlet.handler.AbstractHandlerMethodMapping$MappingRegistry.register(547) - Mapped "{[/admission/page]}" onto public org.springframework.web.servlet.ModelAndView com.admin.controller.AdmissionController.page();
[DF]2018-11-20 23:02:13,557[INFO] org.springframework.web.servlet.handler.AbstractHandlerMethodMapping$MappingRegistry.register(547) - Mapped "{[/admission/addPage]}" onto public org.springframework.web.servlet.ModelAndView com.admin.controller.AdmissionController.addPage();
[DF]2018-11-20 23:02:13,557[INFO] org.springframework.web.servlet.handler.AbstractHandlerMethodMapping$MappingRegistry.register(547) - Mapped "{[/admission/editPage]}" onto public org.springframework.web.servlet.ModelAndView com.admin.controller.AdmissionController.editPage(java.lang.String);
[DF]2018-11-20 23:02:13,558[INFO] org.springframework.web.servlet.handler.AbstractHandlerMethodMapping$MappingRegistry.register(547) - Mapped "{[/admission/edit]}" onto public java.lang.String com.admin.controller.AdmissionController.edit(com.webmagic.model.Admission);
[DF]2018-11-20 23:02:13,558[INFO] org.springframework.web.servlet.handler.AbstractHandlerMethodMapping$MappingRegistry.register(547) - Mapped "{[/admission/del]}" onto public java.lang.String com.admin.controller.AdmissionController.delInfo(java.lang.String);
[DF]2018-11-20 23:02:13,559[INFO] org.springframework.web.servlet.handler.AbstractHandlerMethodMapping$MappingRegistry.register(547) - Mapped "{[/admission/introduce/edit]}" onto public java.lang.String com.admin.controller.AdmissionController.editIntroduce(com.webmagic.model.PageIntroduce);
[DF]2018-11-20 23:02:13,565[INFO] org.springframework.web.servlet.handler.AbstractHandlerMethodMapping$MappingRegistry.register(547) - Mapped "{[/courseteach/add],methods=[POST]}" onto public java.lang.String com.admin.controller.CourseTeachController.add(com.webmagic.model.CourseTeach);
[DF]2018-11-20 23:02:13,566[INFO] org.springframework.web.servlet.handler.AbstractHandlerMethodMapping$MappingRegistry.register(547) - Mapped "{[/courseteach/list]}" onto public java.util.Map<java.lang.String, java.lang.Object> com.admin.controller.CourseTeachController.list();
[DF]2018-11-20 23:02:13,567[INFO] org.springframework.web.servlet.handler.AbstractHandlerMethodMapping$MappingRegistry.register(547) - Mapped "{[/courseteach/page]}" onto public org.springframework.web.servlet.ModelAndView com.admin.controller.CourseTeachController.page();
[DF]2018-11-20 23:02:13,567[INFO] org.springframework.web.servlet.handler.AbstractHandlerMethodMapping$MappingRegistry.register(547) - Mapped "{[/courseteach/addPage]}" onto public org.springframework.web.servlet.ModelAndView com.admin.controller.CourseTeachController.addPage();
[DF]2018-11-20 23:02:13,568[INFO] org.springframework.web.servlet.handler.AbstractHandlerMethodMapping$MappingRegistry.register(547) - Mapped "{[/courseteach/editPage]}" onto public org.springframework.web.servlet.ModelAndView com.admin.controller.CourseTeachController.editPage(java.lang.String);
[DF]2018-11-20 23:02:13,568[INFO] org.springframework.web.servlet.handler.AbstractHandlerMethodMapping$MappingRegistry.register(547) - Mapped "{[/courseteach/edit]}" onto public java.lang.String com.admin.controller.CourseTeachController.edit(com.webmagic.model.CourseTeach);
[DF]2018-11-20 23:02:13,569[INFO] org.springframework.web.servlet.handler.AbstractHandlerMethodMapping$MappingRegistry.register(547) - Mapped "{[/courseteach/del]}" onto public java.lang.String com.admin.controller.CourseTeachController.delInfo(java.lang.String);
[DF]2018-11-20 23:02:13,569[INFO] org.springframework.web.servlet.handler.AbstractHandlerMethodMapping$MappingRegistry.register(547) - Mapped "{[/courseteach/introduce/edit]}" onto public java.lang.String com.admin.controller.CourseTeachController.editIntroduce(com.webmagic.model.PageIntroduce);
[DF]2018-11-20 23:02:13,572[INFO] org.springframework.web.servlet.handler.AbstractHandlerMethodMapping$MappingRegistry.register(547) - Mapped "{[/datacode/code/add],methods=[POST]}" onto public java.lang.String com.admin.controller.DCCodeController.add(com.webmagic.model.DataAndCode);
[DF]2018-11-20 23:02:13,573[INFO] org.springframework.web.servlet.handler.AbstractHandlerMethodMapping$MappingRegistry.register(547) - Mapped "{[/datacode/code/list]}" onto public java.util.Map<java.lang.String, java.lang.Object> com.admin.controller.DCCodeController.list();
[DF]2018-11-20 23:02:13,573[INFO] org.springframework.web.servlet.handler.AbstractHandlerMethodMapping$MappingRegistry.register(547) - Mapped "{[/datacode/code/page]}" onto public org.springframework.web.servlet.ModelAndView com.admin.controller.DCCodeController.page();
[DF]2018-11-20 23:02:13,574[INFO] org.springframework.web.servlet.handler.AbstractHandlerMethodMapping$MappingRegistry.register(547) - Mapped "{[/datacode/code/addPage]}" onto public org.springframework.web.servlet.ModelAndView com.admin.controller.DCCodeController.addPage();
[DF]2018-11-20 23:02:13,574[INFO] org.springframework.web.servlet.handler.AbstractHandlerMethodMapping$MappingRegistry.register(547) - Mapped "{[/datacode/code/editPage]}" onto public org.springframework.web.servlet.ModelAndView com.admin.controller.DCCodeController.editPage(java.lang.String);
[DF]2018-11-20 23:02:13,575[INFO] org.springframework.web.servlet.handler.AbstractHandlerMethodMapping$MappingRegistry.register(547) - Mapped "{[/datacode/code/edit]}" onto public java.lang.String com.admin.controller.DCCodeController.edit(com.webmagic.model.DataAndCode);
[DF]2018-11-20 23:02:13,575[INFO] org.springframework.web.servlet.handler.AbstractHandlerMethodMapping$MappingRegistry.register(547) - Mapped "{[/datacode/code/del]}" onto public java.lang.String com.admin.controller.DCCodeController.delInfo(java.lang.String);
[DF]2018-11-20 23:02:13,576[INFO] org.springframework.web.servlet.handler.AbstractHandlerMethodMapping$MappingRegistry.register(547) - Mapped "{[/datacode/code/introduce/edit]}" onto public java.lang.String com.admin.controller.DCCodeController.editIntroduce(com.webmagic.model.PageIntroduce);
[DF]2018-11-20 23:02:13,579[INFO] org.springframework.web.servlet.handler.AbstractHandlerMethodMapping$MappingRegistry.register(547) - Mapped "{[/datacode/data/add],methods=[POST]}" onto public java.lang.String com.admin.controller.DCDataController.add(com.webmagic.model.DataAndCode);
[DF]2018-11-20 23:02:13,580[INFO] org.springframework.web.servlet.handler.AbstractHandlerMethodMapping$MappingRegistry.register(547) - Mapped "{[/datacode/data/list]}" onto public java.util.Map<java.lang.String, java.lang.Object> com.admin.controller.DCDataController.list();
[DF]2018-11-20 23:02:13,580[INFO] org.springframework.web.servlet.handler.AbstractHandlerMethodMapping$MappingRegistry.register(547) - Mapped "{[/datacode/data/page]}" onto public org.springframework.web.servlet.ModelAndView com.admin.controller.DCDataController.page();
[DF]2018-11-20 23:02:13,581[INFO] org.springframework.web.servlet.handler.AbstractHandlerMethodMapping$MappingRegistry.register(547) - Mapped "{[/datacode/data/addPage]}" onto public org.springframework.web.servlet.ModelAndView com.admin.controller.DCDataController.addPage();
[DF]2018-11-20 23:02:13,581[INFO] org.springframework.web.servlet.handler.AbstractHandlerMethodMapping$MappingRegistry.register(547) - Mapped "{[/datacode/data/editPage]}" onto public org.springframework.web.servlet.ModelAndView com.admin.controller.DCDataController.editPage(java.lang.String);
[DF]2018-11-20 23:02:13,582[INFO] org.springframework.web.servlet.handler.AbstractHandlerMethodMapping$MappingRegistry.register(547) - Mapped "{[/datacode/data/edit]}" onto public java.lang.String com.admin.controller.DCDataController.edit(com.webmagic.model.DataAndCode);
[DF]2018-11-20 23:02:13,582[INFO] org.springframework.web.servlet.handler.AbstractHandlerMethodMapping$MappingRegistry.register(547) - Mapped "{[/datacode/data/del]}" onto public java.lang.String com.admin.controller.DCDataController.delInfo(java.lang.String);
[DF]2018-11-20 23:02:13,586[INFO] org.springframework.web.servlet.handler.AbstractHandlerMethodMapping$MappingRegistry.register(547) - Mapped "{[/enterprise/add],methods=[POST]}" onto public org.springframework.web.servlet.ModelAndView com.admin.controller.EnterpriseController.add(org.springframework.web.multipart.MultipartFile,com.webmagic.model.Enterprise);
[DF]2018-11-20 23:02:13,587[INFO] org.springframework.web.servlet.handler.AbstractHandlerMethodMapping$MappingRegistry.register(547) - Mapped "{[/enterprise/list]}" onto public java.util.Map<java.lang.String, java.lang.Object> com.admin.controller.EnterpriseController.list();
[DF]2018-11-20 23:02:13,587[INFO] org.springframework.web.servlet.handler.AbstractHandlerMethodMapping$MappingRegistry.register(547) - Mapped "{[/enterprise/page]}" onto public org.springframework.web.servlet.ModelAndView com.admin.controller.EnterpriseController.page();
[DF]2018-11-20 23:02:13,587[INFO] org.springframework.web.servlet.handler.AbstractHandlerMethodMapping$MappingRegistry.register(547) - Mapped "{[/enterprise/addPage]}" onto public org.springframework.web.servlet.ModelAndView com.admin.controller.EnterpriseController.addPage();
[DF]2018-11-20 23:02:13,588[INFO] org.springframework.web.servlet.handler.AbstractHandlerMethodMapping$MappingRegistry.register(547) - Mapped "{[/enterprise/editPage]}" onto public org.springframework.web.servlet.ModelAndView com.admin.controller.EnterpriseController.editPage(java.lang.String);
[DF]2018-11-20 23:02:13,588[INFO] org.springframework.web.servlet.handler.AbstractHandlerMethodMapping$MappingRegistry.register(547) - Mapped "{[/enterprise/edit],methods=[POST]}" onto public org.springframework.web.servlet.ModelAndView com.admin.controller.EnterpriseController.edit(org.springframework.web.multipart.MultipartFile,com.webmagic.model.Enterprise);
[DF]2018-11-20 23:02:13,589[INFO] org.springframework.web.servlet.handler.AbstractHandlerMethodMapping$MappingRegistry.register(547) - Mapped "{[/enterprise/del]}" onto public java.lang.String com.admin.controller.EnterpriseController.delInfo(java.lang.String);
[DF]2018-11-20 23:02:13,589[INFO] org.springframework.web.servlet.handler.AbstractHandlerMethodMapping$MappingRegistry.register(547) - Mapped "{[/enterprise/introduce/edit]}" onto public java.lang.String com.admin.controller.EnterpriseController.editIntroduce(com.webmagic.model.PageIntroduce);
[DF]2018-11-20 23:02:13,593[INFO] org.springframework.web.servlet.handler.AbstractHandlerMethodMapping$MappingRegistry.register(547) - Mapped "{[/homepage/institute/info/list]}" onto public java.util.Map<java.lang.String, java.lang.Object> com.admin.controller.HomepageController.infoList(com.webmagic.model.InstituteInformation,int,int) throws java.lang.reflect.InvocationTargetException,java.lang.IllegalAccessException;
[DF]2018-11-20 23:02:13,594[INFO] org.springframework.web.servlet.handler.AbstractHandlerMethodMapping$MappingRegistry.register(547) - Mapped "{[/homepage/institute/info/del]}" onto public java.lang.String com.admin.controller.HomepageController.delInfo(java.lang.String);
[DF]2018-11-20 23:02:13,594[INFO] org.springframework.web.servlet.handler.AbstractHandlerMethodMapping$MappingRegistry.register(547) - Mapped "{[/homepage/institute/introduce]}" onto public org.springframework.web.servlet.ModelAndView com.admin.controller.HomepageController.introduce();
[DF]2018-11-20 23:02:13,595[INFO] org.springframework.web.servlet.handler.AbstractHandlerMethodMapping$MappingRegistry.register(547) - Mapped "{[/homepage/swiper]}" onto public org.springframework.web.servlet.ModelAndView com.admin.controller.HomepageController.swiper(org.springframework.web.servlet.ModelAndView);
[DF]2018-11-20 23:02:13,595[INFO] org.springframework.web.servlet.handler.AbstractHandlerMethodMapping$MappingRegistry.register(547) - Mapped "{[/homepage/swiper/update],methods=[POST]}" onto public com.admin.vo.ResultMap com.admin.controller.HomepageController.swiperConfig(org.springframework.web.multipart.MultipartFile,javax.servlet.http.HttpServletRequest,javax.servlet.http.HttpServletResponse);
[DF]2018-11-20 23:02:13,596[INFO] org.springframework.web.servlet.handler.AbstractHandlerMethodMapping$MappingRegistry.register(547) - Mapped "{[/homepage/swiper/del]}" onto public java.lang.String com.admin.controller.HomepageController.delSwiper(java.lang.Integer);
[DF]2018-11-20 23:02:13,596[INFO] org.springframework.web.servlet.handler.AbstractHandlerMethodMapping$MappingRegistry.register(547) - Mapped "{[/homepage/institute/information]}" onto public org.springframework.web.servlet.ModelAndView com.admin.controller.HomepageController.information();
[DF]2018-11-20 23:02:13,596[INFO] org.springframework.web.servlet.handler.AbstractHandlerMethodMapping$MappingRegistry.register(547) - Mapped "{[/homepage/institute/addInfoPage]}" onto public org.springframework.web.servlet.ModelAndView com.admin.controller.HomepageController.addInfoPage();
[DF]2018-11-20 23:02:13,597[INFO] org.springframework.web.servlet.handler.AbstractHandlerMethodMapping$MappingRegistry.register(547) - Mapped "{[/homepage/institute/info/add],methods=[POST]}" onto public org.springframework.web.servlet.ModelAndView com.admin.controller.HomepageController.addInfo(org.springframework.web.multipart.MultipartFile,com.webmagic.model.InstituteInformation);
[DF]2018-11-20 23:02:13,597[INFO] org.springframework.web.servlet.handler.AbstractHandlerMethodMapping$MappingRegistry.register(547) - Mapped "{[/homepage/institute/editInfoPage]}" onto public org.springframework.web.servlet.ModelAndView com.admin.controller.HomepageController.editInfoPage(java.lang.String);
[DF]2018-11-20 23:02:13,598[INFO] org.springframework.web.servlet.handler.AbstractHandlerMethodMapping$MappingRegistry.register(547) - Mapped "{[/homepage/institute/info/edit],methods=[POST]}" onto public org.springframework.web.servlet.ModelAndView com.admin.controller.HomepageController.editInfo(org.springframework.web.multipart.MultipartFile,com.webmagic.model.InstituteInformation);
[DF]2018-11-20 23:02:13,598[INFO] org.springframework.web.servlet.handler.AbstractHandlerMethodMapping$MappingRegistry.register(547) - Mapped "{[/institute/update]}" onto public java.util.Map<java.lang.String, java.lang.String> com.admin.controller.InstituteController.update(java.lang.String);
[DF]2018-11-20 23:02:13,599[INFO] org.springframework.web.servlet.handler.AbstractHandlerMethodMapping$MappingRegistry.register(547) - Mapped "{[/loboratory/page]}" onto public org.springframework.web.servlet.ModelAndView com.admin.controller.LoboratoryController.page(org.springframework.web.servlet.ModelAndView);
[DF]2018-11-20 23:02:13,600[INFO] org.springframework.web.servlet.handler.AbstractHandlerMethodMapping$MappingRegistry.register(547) - Mapped "{[/login]}" onto public org.springframework.web.servlet.ModelAndView com.admin.controller.LoginController.login(javax.servlet.http.HttpServletRequest);
[DF]2018-11-20 23:02:13,602[INFO] org.springframework.web.servlet.handler.AbstractHandlerMethodMapping$MappingRegistry.register(547) - Mapped "{[/member/add],methods=[POST]}" onto public org.springframework.web.servlet.ModelAndView com.admin.controller.MemberController.add(org.springframework.web.multipart.MultipartFile,com.webmagic.model.Member,javax.servlet.http.HttpServletRequest);
[DF]2018-11-20 23:02:13,603[INFO] org.springframework.web.servlet.handler.AbstractHandlerMethodMapping$MappingRegistry.register(547) - Mapped "{[/member/list]}" onto public org.springframework.web.servlet.ModelAndView com.admin.controller.MemberController.list();
[DF]2018-11-20 23:02:13,603[INFO] org.springframework.web.servlet.handler.AbstractHandlerMethodMapping$MappingRegistry.register(547) - Mapped "{[/member/addPage]}" onto public org.springframework.web.servlet.ModelAndView com.admin.controller.MemberController.addPage();
[DF]2018-11-20 23:02:13,603[INFO] org.springframework.web.servlet.handler.AbstractHandlerMethodMapping$MappingRegistry.register(547) - Mapped "{[/member/editPage]}" onto public org.springframework.web.servlet.ModelAndView com.admin.controller.MemberController.editPage(java.lang.String);
[DF]2018-11-20 23:02:13,604[INFO] org.springframework.web.servlet.handler.AbstractHandlerMethodMapping$MappingRegistry.register(547) - Mapped "{[/member/edit],methods=[POST]}" onto public org.springframework.web.servlet.ModelAndView com.admin.controller.MemberController.edit(org.springframework.web.multipart.MultipartFile,com.webmagic.model.Member,javax.servlet.http.HttpServletRequest);
[DF]2018-11-20 23:02:13,604[INFO] org.springframework.web.servlet.handler.AbstractHandlerMethodMapping$MappingRegistry.register(547) - Mapped "{[/member/del],methods=[GET]}" onto public java.lang.String com.admin.controller.MemberController.del(java.lang.String);
[DF]2018-11-20 23:02:13,607[INFO] org.springframework.web.servlet.handler.AbstractHandlerMethodMapping$MappingRegistry.register(547) - Mapped "{[/notice/add]}" onto public java.lang.String com.admin.controller.NoticeController.add(com.webmagic.model.Notice);
[DF]2018-11-20 23:02:13,608[INFO] org.springframework.web.servlet.handler.AbstractHandlerMethodMapping$MappingRegistry.register(547) - Mapped "{[/notice/list]}" onto public java.util.Map<java.lang.String, java.lang.Object> com.admin.controller.NoticeController.list();
[DF]2018-11-20 23:02:13,608[INFO] org.springframework.web.servlet.handler.AbstractHandlerMethodMapping$MappingRegistry.register(547) - Mapped "{[/notice/page]}" onto public org.springframework.web.servlet.ModelAndView com.admin.controller.NoticeController.page();
[DF]2018-11-20 23:02:13,609[INFO] org.springframework.web.servlet.handler.AbstractHandlerMethodMapping$MappingRegistry.register(547) - Mapped "{[/notice/addPage]}" onto public org.springframework.web.servlet.ModelAndView com.admin.controller.NoticeController.addPage();
[DF]2018-11-20 23:02:13,609[INFO] org.springframework.web.servlet.handler.AbstractHandlerMethodMapping$MappingRegistry.register(547) - Mapped "{[/notice/editPage]}" onto public org.springframework.web.servlet.ModelAndView com.admin.controller.NoticeController.editPage(java.lang.String);
[DF]2018-11-20 23:02:13,610[INFO] org.springframework.web.servlet.handler.AbstractHandlerMethodMapping$MappingRegistry.register(547) - Mapped "{[/notice/edit]}" onto public java.lang.String com.admin.controller.NoticeController.edit(com.webmagic.model.Notice);
[DF]2018-11-20 23:02:13,610[INFO] org.springframework.web.servlet.handler.AbstractHandlerMethodMapping$MappingRegistry.register(547) - Mapped "{[/notice/del]}" onto public java.lang.String com.admin.controller.NoticeController.delInfo(java.lang.String);
[DF]2018-11-20 23:02:13,613[INFO] org.springframework.web.servlet.handler.AbstractHandlerMethodMapping$MappingRegistry.register(547) - Mapped "{[/rdirection/add]}" onto public java.lang.String com.admin.controller.ResearchDirectionController.add(com.webmagic.model.ResearchDirection);
[DF]2018-11-20 23:02:13,614[INFO] org.springframework.web.servlet.handler.AbstractHandlerMethodMapping$MappingRegistry.register(547) - Mapped "{[/rdirection/list]}" onto public java.util.Map<java.lang.String, java.lang.Object> com.admin.controller.ResearchDirectionController.list();
[DF]2018-11-20 23:02:13,614[INFO] org.springframework.web.servlet.handler.AbstractHandlerMethodMapping$MappingRegistry.register(547) - Mapped "{[/rdirection/page]}" onto public org.springframework.web.servlet.ModelAndView com.admin.controller.ResearchDirectionController.page();
[DF]2018-11-20 23:02:13,615[INFO] org.springframework.web.servlet.handler.AbstractHandlerMethodMapping$MappingRegistry.register(547) - Mapped "{[/rdirection/addPage]}" onto public org.springframework.web.servlet.ModelAndView com.admin.controller.ResearchDirectionController.addPage();
[DF]2018-11-20 23:02:13,615[INFO] org.springframework.web.servlet.handler.AbstractHandlerMethodMapping$MappingRegistry.register(547) - Mapped "{[/rdirection/editPage]}" onto public org.springframework.web.servlet.ModelAndView com.admin.controller.ResearchDirectionController.editPage(java.lang.String);
[DF]2018-11-20 23:02:13,616[INFO] org.springframework.web.servlet.handler.AbstractHandlerMethodMapping$MappingRegistry.register(547) - Mapped "{[/rdirection/edit]}" onto public java.lang.String com.admin.controller.ResearchDirectionController.edit(com.webmagic.model.ResearchDirection);
[DF]2018-11-20 23:02:13,616[INFO] org.springframework.web.servlet.handler.AbstractHandlerMethodMapping$MappingRegistry.register(547) - Mapped "{[/rdirection/del]}" onto public java.lang.String com.admin.controller.ResearchDirectionController.delInfo(java.lang.String);
[DF]2018-11-20 23:02:13,616[INFO] org.springframework.web.servlet.handler.AbstractHandlerMethodMapping$MappingRegistry.register(547) - Mapped "{[/rdirection/introduce/edit]}" onto public java.lang.String com.admin.controller.ResearchDirectionController.editIntroduce(com.webmagic.model.PageIntroduce);
[DF]2018-11-20 23:02:13,620[INFO] org.springframework.web.servlet.handler.AbstractHandlerMethodMapping$MappingRegistry.register(547) - Mapped "{[/srproject/add],methods=[POST]}" onto public java.lang.String com.admin.controller.ScientificResearchProjectController.add(com.admin.vo.ScientificResearchProjectVO);
[DF]2018-11-20 23:02:13,620[INFO] org.springframework.web.servlet.handler.AbstractHandlerMethodMapping$MappingRegistry.register(547) - Mapped "{[/srproject/list]}" onto public java.util.Map<java.lang.String, java.lang.Object> com.admin.controller.ScientificResearchProjectController.list();
[DF]2018-11-20 23:02:13,621[INFO] org.springframework.web.servlet.handler.AbstractHandlerMethodMapping$MappingRegistry.register(547) - Mapped "{[/srproject/page]}" onto public org.springframework.web.servlet.ModelAndView com.admin.controller.ScientificResearchProjectController.page();
[DF]2018-11-20 23:02:13,621[INFO] org.springframework.web.servlet.handler.AbstractHandlerMethodMapping$MappingRegistry.register(547) - Mapped "{[/srproject/addPage]}" onto public org.springframework.web.servlet.ModelAndView com.admin.controller.ScientificResearchProjectController.addPage();
[DF]2018-11-20 23:02:13,622[INFO] org.springframework.web.servlet.handler.AbstractHandlerMethodMapping$MappingRegistry.register(547) - Mapped "{[/srproject/editPage]}" onto public org.springframework.web.servlet.ModelAndView com.admin.controller.ScientificResearchProjectController.editPage(java.lang.String);
[DF]2018-11-20 23:02:13,622[INFO] org.springframework.web.servlet.handler.AbstractHandlerMethodMapping$MappingRegistry.register(547) - Mapped "{[/srproject/edit]}" onto public java.lang.String com.admin.controller.ScientificResearchProjectController.edit(com.admin.vo.ScientificResearchProjectVO);
[DF]2018-11-20 23:02:13,623[INFO] org.springframework.web.servlet.handler.AbstractHandlerMethodMapping$MappingRegistry.register(547) - Mapped "{[/srproject/del]}" onto public java.lang.String com.admin.controller.ScientificResearchProjectController.delInfo(java.lang.String);
[DF]2018-11-20 23:02:13,623[INFO] org.springframework.web.servlet.handler.AbstractHandlerMethodMapping$MappingRegistry.register(547) - Mapped "{[/srproject/introduce/edit]}" onto public java.lang.String com.admin.controller.ScientificResearchProjectController.editIntroduce(com.webmagic.model.PageIntroduce);
[DF]2018-11-20 23:02:13,625[INFO] org.springframework.web.servlet.handler.AbstractHandlerMethodMapping$MappingRegistry.register(547) - Mapped "{[/sysconfig/page]}" onto public org.springframework.web.servlet.ModelAndView com.admin.controller.SysConfigController.page(org.springframework.web.servlet.ModelAndView);
[DF]2018-11-20 23:02:13,630[INFO] org.springframework.web.servlet.handler.AbstractHandlerMethodMapping$MappingRegistry.register(547) - Mapped "{[/thesis/add],methods=[POST]}" onto public java.lang.String com.admin.controller.ThesisController.add(com.webmagic.model.Thesis);
[DF]2018-11-20 23:02:13,631[INFO] org.springframework.web.servlet.handler.AbstractHandlerMethodMapping$MappingRegistry.register(547) - Mapped "{[/thesis/list]}" onto public java.util.Map<java.lang.String, java.lang.Object> com.admin.controller.ThesisController.list(com.webmagic.model.Thesis);
[DF]2018-11-20 23:02:13,632[INFO] org.springframework.web.servlet.handler.AbstractHandlerMethodMapping$MappingRegistry.register(547) - Mapped "{[/thesis/page]}" onto public org.springframework.web.servlet.ModelAndView com.admin.controller.ThesisController.page();
[DF]2018-11-20 23:02:13,632[INFO] org.springframework.web.servlet.handler.AbstractHandlerMethodMapping$MappingRegistry.register(547) - Mapped "{[/thesis/addPage]}" onto public org.springframework.web.servlet.ModelAndView com.admin.controller.ThesisController.addPage();
[DF]2018-11-20 23:02:13,633[INFO] org.springframework.web.servlet.handler.AbstractHandlerMethodMapping$MappingRegistry.register(547) - Mapped "{[/thesis/editPage]}" onto public org.springframework.web.servlet.ModelAndView com.admin.controller.ThesisController.editPage(java.lang.String);
[DF]2018-11-20 23:02:13,633[INFO] org.springframework.web.servlet.handler.AbstractHandlerMethodMapping$MappingRegistry.register(547) - Mapped "{[/thesis/edit]}" onto public java.lang.String com.admin.controller.ThesisController.edit(com.webmagic.model.Thesis);
[DF]2018-11-20 23:02:13,634[INFO] org.springframework.web.servlet.handler.AbstractHandlerMethodMapping$MappingRegistry.register(547) - Mapped "{[/thesis/del]}" onto public java.lang.String com.admin.controller.ThesisController.delInfo(java.lang.String);
[DF]2018-11-20 23:02:13,634[INFO] org.springframework.web.servlet.handler.AbstractHandlerMethodMapping$MappingRegistry.register(547) - Mapped "{[/thesis/introduce/edit]}" onto public java.lang.String com.admin.controller.ThesisController.editIntroduce(com.webmagic.model.PageIntroduce);
[DF]2018-11-20 23:02:13,635[INFO] org.springframework.web.servlet.handler.AbstractHandlerMethodMapping$MappingRegistry.register(547) - Mapped "{[/thesis/uploads],methods=[POST]}" onto public com.admin.vo.ResultMap com.admin.controller.ThesisController.uploads(org.springframework.web.multipart.MultipartFile[],java.lang.String,javax.servlet.http.HttpServletRequest);
[DF]2018-11-20 23:02:13,635[INFO] org.springframework.web.servlet.handler.AbstractHandlerMethodMapping$MappingRegistry.register(547) - Mapped "{[/thesis/attachmentPage]}" onto public org.springframework.web.servlet.ModelAndView com.admin.controller.ThesisController.attachmentPage(java.lang.String);
[DF]2018-11-20 23:02:13,636[INFO] org.springframework.web.servlet.handler.AbstractHandlerMethodMapping$MappingRegistry.register(547) - Mapped "{[/thesis/delAttachment]}" onto public java.lang.String com.admin.controller.ThesisController.delAttachment(java.lang.String);
[DF]2018-11-20 23:02:13,637[INFO] org.springframework.web.servlet.handler.AbstractHandlerMethodMapping$MappingRegistry.register(547) - Mapped "{[/timeline/page]}" onto public org.springframework.web.servlet.ModelAndView com.admin.controller.TimelineController.page();
[DF]2018-11-20 23:02:13,639[INFO] org.springframework.web.servlet.handler.AbstractHandlerMethodMapping$MappingRegistry.register(547) - Mapped "{[/wconfig/add]}" onto public org.springframework.web.servlet.ModelAndView com.admin.controller.WebsiteConfigController.add(com.webmagic.model.WebsiteConfig);
[DF]2018-11-20 23:02:13,640[INFO] org.springframework.web.servlet.handler.AbstractHandlerMethodMapping$MappingRegistry.register(547) - Mapped "{[/wconfig/update]}" onto public java.lang.String com.admin.controller.WebsiteConfigController.update(com.webmagic.model.WebsiteConfig);
[DF]2018-11-20 23:02:13,640[INFO] org.springframework.web.servlet.handler.AbstractHandlerMethodMapping$MappingRegistry.register(547) - Mapped "{[/wconfig/page]}" onto public org.springframework.web.servlet.ModelAndView com.admin.controller.WebsiteConfigController.config();
[DF]2018-11-20 23:02:13,768[INFO] org.springframework.web.servlet.mvc.method.annotation.RequestMappingHandlerAdapter.initControllerAdviceCache(574) - Looking for @ControllerAdvice: org.springframework.context.support.GenericApplicationContext@670b40af: startup date [Tue Nov 20 23:02:13 CST 2018]; root of context hierarchy;
[DF]2018-11-20 23:02:13,853[INFO] org.springframework.web.servlet.mvc.method.annotation.RequestMappingHandlerAdapter.initControllerAdviceCache(574) - Looking for @ControllerAdvice: org.springframework.context.support.GenericApplicationContext@670b40af: startup date [Tue Nov 20 23:02:13 CST 2018]; root of context hierarchy;
[DF]2018-11-20 23:02:14,403[INFO] org.springframework.web.servlet.handler.AbstractUrlHandlerMapping.registerHandler(373) - Mapped URL path [/**] onto handler 'org.springframework.web.servlet.resource.DefaultServletHttpRequestHandler#0';
[DF]2018-11-20 23:02:14,457[INFO] org.springframework.context.support.AbstractApplicationContext.doClose(993) - Closing org.springframework.context.support.GenericApplicationContext@670b40af: startup date [Tue Nov 20 23:02:13 CST 2018]; root of context hierarchy;
